<?xml version="1.0" encoding="UTF-8"?>
<testsuite xmlns:xsi="http://www.w3.org/2001/XMLSchema-instance" xsi:noNamespaceSchemaLocation="https://maven.apache.org/surefire/maven-surefire-plugin/xsd/surefire-test-report-3.0.xsd" version="3.0" name="com.ruanmattos.hello_world.HelloWorldApplicationTests" time="2.166" tests="1" errors="0" skipped="0" failures="0">
  <properties>
[...]
</properties>
  <testcase name="contextLoads" classname="com.ruanmattos.hello_world.HelloWorldApplicationTests" time="0.634">
    <system-out><![CDATA[18:58:01.967 [main] INFO org.springframework.test.context.support.AnnotationConfigContextLoaderUtils -- Could not detect default configuration classes for test class [com.ruanmattos.hello_world.HelloWorldApplicationTests]: HelloWorldApplicationTests does not declare any static, non-private, non-final, nested classes annotated with @Configuration.
18:58:02.068 [main] INFO org.springframework.boot.test.context.SpringBootTestContextBootstrapper -- Found @SpringBootConfiguration com.ruanmattos.hello_world.HelloWorldApplication for test class com.ruanmattos.hello_world.HelloWorldApplicationTests
18:58:02.199 [main] INFO org.springframework.boot.devtools.restart.RestartApplicationListener -- Restart disabled due to context in which it is running
  .   ____          _            __ _ _
 /\\ / ___'_ __ _ _(_)_ __  __ _ \ \ \ \
( ( )\___ | '_ | '_| | '_ \/ _` | \ \ \ \
 \\/  ___)| |_)| | | | | || (_| |  ) ) ) )
  '  |____| .__|_| |_|_| |_\__, | / / / /
 =========|_|==============|___/=/_/_/_/

 :: Spring Boot ::                (v3.3.0)

2024-06-07T18:58:02.408-03:00  INFO 3516 --- [hello-world] [           main] c.r.h.HelloWorldApplicationTests         : Starting HelloWorldApplicationTests using Java 21.0.2 with PID 3516 (started by aluno in C:\Users\aluno\Documents\IdeaProjects\hello-world)
2024-06-07T18:58:02.409-03:00  INFO 3516 --- [hello-world] [           main] c.r.h.HelloWorldApplicationTests         : No active profile set, falling back to 1 default profile: "default"
2024-06-07T18:58:03.319-03:00  INFO 3516 --- [hello-world] [           main] c.r.h.HelloWorldApplicationTests         : Started HelloWorldApplicationTests in 1.133 seconds (process running for 1.911)
]]></system-out>
    <system-err><![CDATA[WARNING: A Java agent has been loaded dynamically (C:\Users\aluno\.m2\repository\net\bytebuddy\byte-buddy-agent\1.14.16\byte-buddy-agent-1.14.16.jar)
WARNING: If a serviceability tool is in use, please run with -XX:+EnableDynamicAgentLoading to hide this warning
WARNING: If a serviceability tool is not in use, please run with -Djdk.instrument.traceUsage for more information
WARNING: Dynamic loading of agents will be disallowed by default in a future release
]]></system-err>
  </testcase>
</testsuite>